Connecting to database specified by database.yml
Connecting to database specified by database.yml
Connecting to database specified by database.yml
Compiled jquery.js  (3ms)  (pid 5072)
Compiled jquery_ujs.js  (0ms)  (pid 5072)
Compiled bootstrap/affix.js  (0ms)  (pid 5072)
Compiled bootstrap/alert.js  (0ms)  (pid 5072)
Compiled bootstrap/button.js  (0ms)  (pid 5072)
Compiled bootstrap/carousel.js  (0ms)  (pid 5072)
Compiled bootstrap/collapse.js  (0ms)  (pid 5072)
Compiled bootstrap/dropdown.js  (1ms)  (pid 5072)
Compiled bootstrap/tab.js  (0ms)  (pid 5072)
Compiled bootstrap/transition.js  (0ms)  (pid 5072)
Compiled bootstrap/scrollspy.js  (0ms)  (pid 5072)
Compiled bootstrap/modal.js  (1ms)  (pid 5072)
Compiled bootstrap/tooltip.js  (0ms)  (pid 5072)
Compiled bootstrap/popover.js  (0ms)  (pid 5072)
Compiled bootstrap.js  (467ms)  (pid 5072)
Compiled administrators.js  (602ms)  (pid 5072)
Compiled clients.js  (370ms)  (pid 5072)
Compiled commandes.js  (380ms)  (pid 5072)
Compiled entrepreneurs.js  (335ms)  (pid 5072)
Compiled menus.js  (325ms)  (pid 5072)
Compiled plats.js  (328ms)  (pid 5072)
Compiled produits.js  (337ms)  (pid 5072)
Compiled restaurants.js  (326ms)  (pid 5072)
Compiled restaurators.js  (336ms)  (pid 5072)
Compiled application.js  (4101ms)  (pid 5072)
